2022-11-11 13:18:22.309  INFO 2352 --- [main] p.i.InventoryManagementSystemApplication : Starting InventoryManagementSystemApplication using Java 17.0.1 on DESKTOP-QIV8GID with PID 2352 (C:\Users\asus\Projects2\Inventory_management_system\target\classes started by asus in C:\Users\asus\Projects2\Inventory_management_system)
2022-11-11 13:18:22.309  INFO 2352 --- [main] p.i.InventoryManagementSystemApplication : No active profile set, falling back to 1 default profile: "default"
2022-11-11 13:18:22.942  INFO 2352 --- [main] .s.d.r.c.RepositoryConfigurationDelegate : Bootstrapping Spring Data JPA repositories in DEFAULT mode.
2022-11-11 13:18:22.995  INFO 2352 --- [main] .s.d.r.c.RepositoryConfigurationDelegate : Finished Spring Data repository scanning in 53 ms. Found 5 JPA repository interfaces.
2022-11-11 13:18:23.654  INFO 2352 --- [main] o.s.b.w.embedded.tomcat.TomcatWebServer  : Tomcat initialized with port(s): 8080 (http)
2022-11-11 13:18:23.685  INFO 2352 --- [main] o.apache.catalina.core.StandardService   : Starting service [Tomcat]
2022-11-11 13:18:23.685  INFO 2352 --- [main] org.apache.catalina.core.StandardEngine  : Starting Servlet engine: [Apache Tomcat/9.0.68]
2022-11-11 13:18:23.810  INFO 2352 --- [main] o.a.c.c.C.[Tomcat].[localhost].[/]       : Initializing Spring embedded WebApplicationContext
2022-11-11 13:18:23.810  INFO 2352 --- [main] w.s.c.ServletWebServerApplicationContext : Root WebApplicationContext: initialization completed in 1459 ms
2022-11-11 13:18:23.990  INFO 2352 --- [main] o.hibernate.jpa.internal.util.LogHelper  : HHH000204: Processing PersistenceUnitInfo [name: default]
2022-11-11 13:18:24.130  INFO 2352 --- [main] org.hibernate.Version                    : HHH000412: Hibernate ORM core version 5.6.12.Final
2022-11-11 13:18:24.349  INFO 2352 --- [main] o.hibernate.annotations.common.Version   : HCANN000001: Hibernate Commons Annotations {5.1.2.Final}
2022-11-11 13:18:24.411  INFO 2352 --- [main] com.zaxxer.hikari.HikariDataSource       : HikariPool-1 - Starting...
2022-11-11 13:18:24.489  INFO 2352 --- [main] com.zaxxer.hikari.HikariDataSource       : HikariPool-1 - Start completed.
2022-11-11 13:18:24.505  INFO 2352 --- [main] org.hibernate.dialect.Dialect            : HHH000400: Using dialect: org.hibernate.dialect.MySQL5InnoDBDialect
2022-11-11 13:18:25.036  INFO 2352 --- [main] o.h.e.t.j.p.i.JtaPlatformInitiator       : HHH000490: Using JtaPlatform implementation: [org.hibernate.engine.transaction.jta.platform.internal.NoJtaPlatform]
2022-11-11 13:18:25.052  INFO 2352 --- [main] j.LocalContainerEntityManagerFactoryBean : Initialized JPA EntityManagerFactory for persistence unit 'default'
2022-11-11 13:18:25.380  WARN 2352 --- [main] JpaBaseConfiguration$JpaWebConfiguration : spring.jpa.open-in-view is enabled by default. Therefore, database queries may be performed during view rendering. Explicitly configure spring.jpa.open-in-view to disable this warning
2022-11-11 13:18:26.034  INFO 2352 --- [main] o.s.b.w.embedded.tomcat.TomcatWebServer  : Tomcat started on port(s): 8080 (http) with context path ''
2022-11-11 13:18:26.050  INFO 2352 --- [main] p.i.InventoryManagementSystemApplication : Started InventoryManagementSystemApplication in 4.152 seconds (JVM running for 4.82)
2022-11-11 13:31:50.473  INFO 2352 --- [SpringApplicationShutdownHook] j.LocalContainerEntityManagerFactoryBean : Closing JPA EntityManagerFactory for persistence unit 'default'
2022-11-11 13:31:50.473  INFO 2352 --- [SpringApplicationShutdownHook] com.zaxxer.hikari.HikariDataSource       : HikariPool-1 - Shutdown initiated...
2022-11-11 13:31:50.473  INFO 2352 --- [SpringApplicationShutdownHook] com.zaxxer.hikari.HikariDataSource       : HikariPool-1 - Shutdown completed.
2022-11-11 13:31:57.287  INFO 15904 --- [main] p.i.InventoryManagementSystemApplication : Starting InventoryManagementSystemApplication using Java 17.0.1 on DESKTOP-QIV8GID with PID 15904 (C:\Users\asus\Projects2\Inventory_management_system\target\classes started by asus in C:\Users\asus\Projects2\Inventory_management_system)
2022-11-11 13:31:57.293  INFO 15904 --- [main] p.i.InventoryManagementSystemApplication : No active profile set, falling back to 1 default profile: "default"
2022-11-11 13:31:57.861  INFO 15904 --- [main] .s.d.r.c.RepositoryConfigurationDelegate : Bootstrapping Spring Data JPA repositories in DEFAULT mode.
2022-11-11 13:31:57.924  INFO 15904 --- [main] .s.d.r.c.RepositoryConfigurationDelegate : Finished Spring Data repository scanning in 51 ms. Found 5 JPA repository interfaces.
2022-11-11 13:31:58.471  INFO 15904 --- [main] o.s.b.w.embedded.tomcat.TomcatWebServer  : Tomcat initialized with port(s): 8080 (http)
2022-11-11 13:31:58.486  INFO 15904 --- [main] o.apache.catalina.core.StandardService   : Starting service [Tomcat]
2022-11-11 13:31:58.486  INFO 15904 --- [main] org.apache.catalina.core.StandardEngine  : Starting Servlet engine: [Apache Tomcat/9.0.68]
2022-11-11 13:31:58.611  INFO 15904 --- [main] o.a.c.c.C.[Tomcat].[localhost].[/]       : Initializing Spring embedded WebApplicationContext
2022-11-11 13:31:58.611  INFO 15904 --- [main] w.s.c.ServletWebServerApplicationContext : Root WebApplicationContext: initialization completed in 1287 ms
2022-11-11 13:31:58.703  INFO 15904 --- [main] o.hibernate.jpa.internal.util.LogHelper  : HHH000204: Processing PersistenceUnitInfo [name: default]
2022-11-11 13:31:58.719  INFO 15904 --- [main] org.hibernate.Version                    : HHH000412: Hibernate ORM core version 5.6.12.Final
2022-11-11 13:31:58.797  INFO 15904 --- [main] o.hibernate.annotations.common.Version   : HCANN000001: Hibernate Commons Annotations {5.1.2.Final}
2022-11-11 13:31:58.844  INFO 15904 --- [main] com.zaxxer.hikari.HikariDataSource       : HikariPool-1 - Starting...
2022-11-11 13:31:58.938  INFO 15904 --- [main] com.zaxxer.hikari.HikariDataSource       : HikariPool-1 - Start completed.
2022-11-11 13:31:58.953  INFO 15904 --- [main] org.hibernate.dialect.Dialect            : HHH000400: Using dialect: org.hibernate.dialect.MySQL5InnoDBDialect
2022-11-11 13:31:59.453  INFO 15904 --- [main] o.h.e.t.j.p.i.JtaPlatformInitiator       : HHH000490: Using JtaPlatform implementation: [org.hibernate.engine.transaction.jta.platform.internal.NoJtaPlatform]
2022-11-11 13:31:59.469  INFO 15904 --- [main] j.LocalContainerEntityManagerFactoryBean : Initialized JPA EntityManagerFactory for persistence unit 'default'
2022-11-11 13:31:59.875  WARN 15904 --- [main] JpaBaseConfiguration$JpaWebConfiguration : spring.jpa.open-in-view is enabled by default. Therefore, database queries may be performed during view rendering. Explicitly configure spring.jpa.open-in-view to disable this warning
2022-11-11 13:32:00.518  INFO 15904 --- [main] o.s.b.w.embedded.tomcat.TomcatWebServer  : Tomcat started on port(s): 8080 (http) with context path ''
2022-11-11 13:32:00.534  INFO 15904 --- [main] p.i.InventoryManagementSystemApplication : Started InventoryManagementSystemApplication in 3.543 seconds (JVM running for 4.195)
2022-11-11 13:32:12.405  INFO 15904 --- [http-nio-8080-exec-1] o.a.c.c.C.[Tomcat].[localhost].[/]       : Initializing Spring DispatcherServlet 'dispatcherServlet'
2022-11-11 13:32:12.406  INFO 15904 --- [http-nio-8080-exec-1] o.s.web.servlet.DispatcherServlet        : Initializing Servlet 'dispatcherServlet'
2022-11-11 13:32:12.410  INFO 15904 --- [http-nio-8080-exec-1] o.s.web.servlet.DispatcherServlet        : Completed initialization in 3 ms
2022-11-11 13:32:12.464  INFO 15904 --- [http-nio-8080-exec-1] h.p.i.logging.RestControllerAspect       : execution(List hu.pte.inventory_management_system.controllers.ProductController.getAllProducts())
2022-11-11 13:33:12.377  INFO 15904 --- [SpringApplicationShutdownHook] j.LocalContainerEntityManagerFactoryBean : Closing JPA EntityManagerFactory for persistence unit 'default'
2022-11-11 13:33:12.377  INFO 15904 --- [SpringApplicationShutdownHook] com.zaxxer.hikari.HikariDataSource       : HikariPool-1 - Shutdown initiated...
2022-11-11 13:33:12.377  INFO 15904 --- [SpringApplicationShutdownHook] com.zaxxer.hikari.HikariDataSource       : HikariPool-1 - Shutdown completed.
2022-11-11 13:33:16.644  INFO 13060 --- [main] p.i.InventoryManagementSystemApplication : Starting InventoryManagementSystemApplication using Java 17.0.1 on DESKTOP-QIV8GID with PID 13060 (C:\Users\asus\Projects2\Inventory_management_system\target\classes started by asus in C:\Users\asus\Projects2\Inventory_management_system)
2022-11-11 13:33:16.644  INFO 13060 --- [main] p.i.InventoryManagementSystemApplication : No active profile set, falling back to 1 default profile: "default"
2022-11-11 13:33:17.195  INFO 13060 --- [main] .s.d.r.c.RepositoryConfigurationDelegate : Bootstrapping Spring Data JPA repositories in DEFAULT mode.
2022-11-11 13:33:17.242  INFO 13060 --- [main] .s.d.r.c.RepositoryConfigurationDelegate : Finished Spring Data repository scanning in 49 ms. Found 5 JPA repository interfaces.
2022-11-11 13:33:17.648  INFO 13060 --- [main] o.s.b.w.embedded.tomcat.TomcatWebServer  : Tomcat initialized with port(s): 8080 (http)
2022-11-11 13:33:17.648  INFO 13060 --- [main] o.apache.catalina.core.StandardService   : Starting service [Tomcat]
2022-11-11 13:33:17.648  INFO 13060 --- [main] org.apache.catalina.core.StandardEngine  : Starting Servlet engine: [Apache Tomcat/9.0.68]
2022-11-11 13:33:17.788  INFO 13060 --- [main] o.a.c.c.C.[Tomcat].[localhost].[/]       : Initializing Spring embedded WebApplicationContext
2022-11-11 13:33:17.788  INFO 13060 --- [main] w.s.c.ServletWebServerApplicationContext : Root WebApplicationContext: initialization completed in 1112 ms
2022-11-11 13:33:17.882  INFO 13060 --- [main] o.hibernate.jpa.internal.util.LogHelper  : HHH000204: Processing PersistenceUnitInfo [name: default]
2022-11-11 13:33:17.913  INFO 13060 --- [main] org.hibernate.Version                    : HHH000412: Hibernate ORM core version 5.6.12.Final
2022-11-11 13:33:17.991  INFO 13060 --- [main] o.hibernate.annotations.common.Version   : HCANN000001: Hibernate Commons Annotations {5.1.2.Final}
2022-11-11 13:33:18.038  INFO 13060 --- [main] com.zaxxer.hikari.HikariDataSource       : HikariPool-1 - Starting...
2022-11-11 13:33:18.116  INFO 13060 --- [main] com.zaxxer.hikari.HikariDataSource       : HikariPool-1 - Start completed.
2022-11-11 13:33:18.132  INFO 13060 --- [main] org.hibernate.dialect.Dialect            : HHH000400: Using dialect: org.hibernate.dialect.MySQL5InnoDBDialect
2022-11-11 13:33:18.663  INFO 13060 --- [main] o.h.e.t.j.p.i.JtaPlatformInitiator       : HHH000490: Using JtaPlatform implementation: [org.hibernate.engine.transaction.jta.platform.internal.NoJtaPlatform]
2022-11-11 13:33:18.663  INFO 13060 --- [main] j.LocalContainerEntityManagerFactoryBean : Initialized JPA EntityManagerFactory for persistence unit 'default'
2022-11-11 13:33:19.116  WARN 13060 --- [main] JpaBaseConfiguration$JpaWebConfiguration : spring.jpa.open-in-view is enabled by default. Therefore, database queries may be performed during view rendering. Explicitly configure spring.jpa.open-in-view to disable this warning
2022-11-11 13:33:19.809  INFO 13060 --- [main] o.s.b.w.embedded.tomcat.TomcatWebServer  : Tomcat started on port(s): 8080 (http) with context path ''
2022-11-11 13:33:19.809  INFO 13060 --- [main] p.i.InventoryManagementSystemApplication : Started InventoryManagementSystemApplication in 3.495 seconds (JVM running for 4.224)
2022-11-11 13:33:21.388  INFO 13060 --- [http-nio-8080-exec-1] o.a.c.c.C.[Tomcat].[localhost].[/]       : Initializing Spring DispatcherServlet 'dispatcherServlet'
2022-11-11 13:33:21.389  INFO 13060 --- [http-nio-8080-exec-1] o.s.web.servlet.DispatcherServlet        : Initializing Servlet 'dispatcherServlet'
2022-11-11 13:33:21.394  INFO 13060 --- [http-nio-8080-exec-1] o.s.web.servlet.DispatcherServlet        : Completed initialization in 4 ms
2022-11-11 13:33:21.429  INFO 13060 --- [http-nio-8080-exec-1] h.p.i.logging.RestControllerAspect       : REST controller called: method-execution List hu.pte.inventory_management_system.controllers.ProductController.getAllProducts() [Ljava.lang.Object;@7f265f1f
2022-11-11 13:34:44.329  INFO 13060 --- [SpringApplicationShutdownHook] j.LocalContainerEntityManagerFactoryBean : Closing JPA EntityManagerFactory for persistence unit 'default'
2022-11-11 13:34:44.329  INFO 13060 --- [SpringApplicationShutdownHook] com.zaxxer.hikari.HikariDataSource       : HikariPool-1 - Shutdown initiated...
2022-11-11 13:34:44.329  INFO 13060 --- [SpringApplicationShutdownHook] com.zaxxer.hikari.HikariDataSource       : HikariPool-1 - Shutdown completed.
2022-11-11 13:34:48.746  INFO 15136 --- [main] p.i.InventoryManagementSystemApplication : Starting InventoryManagementSystemApplication using Java 17.0.1 on DESKTOP-QIV8GID with PID 15136 (C:\Users\asus\Projects2\Inventory_management_system\target\classes started by asus in C:\Users\asus\Projects2\Inventory_management_system)
2022-11-11 13:34:48.746  INFO 15136 --- [main] p.i.InventoryManagementSystemApplication : No active profile set, falling back to 1 default profile: "default"
2022-11-11 13:34:49.278  INFO 15136 --- [main] .s.d.r.c.RepositoryConfigurationDelegate : Bootstrapping Spring Data JPA repositories in DEFAULT mode.
2022-11-11 13:34:49.340  INFO 15136 --- [main] .s.d.r.c.RepositoryConfigurationDelegate : Finished Spring Data repository scanning in 55 ms. Found 5 JPA repository interfaces.
2022-11-11 13:34:49.731  INFO 15136 --- [main] o.s.b.w.embedded.tomcat.TomcatWebServer  : Tomcat initialized with port(s): 8080 (http)
2022-11-11 13:34:49.731  INFO 15136 --- [main] o.apache.catalina.core.StandardService   : Starting service [Tomcat]
2022-11-11 13:34:49.731  INFO 15136 --- [main] org.apache.catalina.core.StandardEngine  : Starting Servlet engine: [Apache Tomcat/9.0.68]
2022-11-11 13:34:49.887  INFO 15136 --- [main] o.a.c.c.C.[Tomcat].[localhost].[/]       : Initializing Spring embedded WebApplicationContext
2022-11-11 13:34:49.887  INFO 15136 --- [main] w.s.c.ServletWebServerApplicationContext : Root WebApplicationContext: initialization completed in 1101 ms
2022-11-11 13:34:49.981  INFO 15136 --- [main] o.hibernate.jpa.internal.util.LogHelper  : HHH000204: Processing PersistenceUnitInfo [name: default]
2022-11-11 13:34:50.012  INFO 15136 --- [main] org.hibernate.Version                    : HHH000412: Hibernate ORM core version 5.6.12.Final
2022-11-11 13:34:50.090  INFO 15136 --- [main] o.hibernate.annotations.common.Version   : HCANN000001: Hibernate Commons Annotations {5.1.2.Final}
2022-11-11 13:34:50.137  INFO 15136 --- [main] com.zaxxer.hikari.HikariDataSource       : HikariPool-1 - Starting...
2022-11-11 13:34:50.231  INFO 15136 --- [main] com.zaxxer.hikari.HikariDataSource       : HikariPool-1 - Start completed.
2022-11-11 13:34:50.231  INFO 15136 --- [main] org.hibernate.dialect.Dialect            : HHH000400: Using dialect: org.hibernate.dialect.MySQL5InnoDBDialect
2022-11-11 13:34:50.778  INFO 15136 --- [main] o.h.e.t.j.p.i.JtaPlatformInitiator       : HHH000490: Using JtaPlatform implementation: [org.hibernate.engine.transaction.jta.platform.internal.NoJtaPlatform]
2022-11-11 13:34:50.778  INFO 15136 --- [main] j.LocalContainerEntityManagerFactoryBean : Initialized JPA EntityManagerFactory for persistence unit 'default'
2022-11-11 13:34:51.215  WARN 15136 --- [main] JpaBaseConfiguration$JpaWebConfiguration : spring.jpa.open-in-view is enabled by default. Therefore, database queries may be performed during view rendering. Explicitly configure spring.jpa.open-in-view to disable this warning
2022-11-11 13:34:51.918  INFO 15136 --- [main] o.s.b.w.embedded.tomcat.TomcatWebServer  : Tomcat started on port(s): 8080 (http) with context path ''
2022-11-11 13:34:51.918  INFO 15136 --- [main] p.i.InventoryManagementSystemApplication : Started InventoryManagementSystemApplication in 3.464 seconds (JVM running for 4.07)
2022-11-11 13:34:54.031  INFO 15136 --- [http-nio-8080-exec-1] o.a.c.c.C.[Tomcat].[localhost].[/]       : Initializing Spring DispatcherServlet 'dispatcherServlet'
2022-11-11 13:34:54.031  INFO 15136 --- [http-nio-8080-exec-1] o.s.web.servlet.DispatcherServlet        : Initializing Servlet 'dispatcherServlet'
2022-11-11 13:34:54.032  INFO 15136 --- [http-nio-8080-exec-1] o.s.web.servlet.DispatcherServlet        : Completed initialization in 1 ms
2022-11-11 13:34:54.054  INFO 15136 --- [http-nio-8080-exec-1] h.p.i.logging.RestControllerAspect       : method-execution, return typeList hu.pte.inventory_management_system.controllers.ProductController.getAllProducts() path: [Ljava.lang.Object;@2d350821
2022-11-11 13:35:41.945  INFO 15136 --- [SpringApplicationShutdownHook] j.LocalContainerEntityManagerFactoryBean : Closing JPA EntityManagerFactory for persistence unit 'default'
2022-11-11 13:35:41.945  INFO 15136 --- [SpringApplicationShutdownHook] com.zaxxer.hikari.HikariDataSource       : HikariPool-1 - Shutdown initiated...
2022-11-11 13:35:41.945  INFO 15136 --- [SpringApplicationShutdownHook] com.zaxxer.hikari.HikariDataSource       : HikariPool-1 - Shutdown completed.
2022-11-11 13:35:46.726  INFO 11144 --- [main] p.i.InventoryManagementSystemApplication : Starting InventoryManagementSystemApplication using Java 17.0.1 on DESKTOP-QIV8GID with PID 11144 (C:\Users\asus\Projects2\Inventory_management_system\target\classes started by asus in C:\Users\asus\Projects2\Inventory_management_system)
2022-11-11 13:35:46.726  INFO 11144 --- [main] p.i.InventoryManagementSystemApplication : No active profile set, falling back to 1 default profile: "default"
2022-11-11 13:35:47.264  INFO 11144 --- [main] .s.d.r.c.RepositoryConfigurationDelegate : Bootstrapping Spring Data JPA repositories in DEFAULT mode.
2022-11-11 13:35:47.318  INFO 11144 --- [main] .s.d.r.c.RepositoryConfigurationDelegate : Finished Spring Data repository scanning in 53 ms. Found 5 JPA repository interfaces.
2022-11-11 13:35:47.727  INFO 11144 --- [main] o.s.b.w.embedded.tomcat.TomcatWebServer  : Tomcat initialized with port(s): 8080 (http)
2022-11-11 13:35:47.743  INFO 11144 --- [main] o.apache.catalina.core.StandardService   : Starting service [Tomcat]
2022-11-11 13:35:47.743  INFO 11144 --- [main] org.apache.catalina.core.StandardEngine  : Starting Servlet engine: [Apache Tomcat/9.0.68]
2022-11-11 13:35:47.899  INFO 11144 --- [main] o.a.c.c.C.[Tomcat].[localhost].[/]       : Initializing Spring embedded WebApplicationContext
2022-11-11 13:35:47.899  INFO 11144 --- [main] w.s.c.ServletWebServerApplicationContext : Root WebApplicationContext: initialization completed in 1132 ms
2022-11-11 13:35:47.977  INFO 11144 --- [main] o.hibernate.jpa.internal.util.LogHelper  : HHH000204: Processing PersistenceUnitInfo [name: default]
2022-11-11 13:35:48.008  INFO 11144 --- [main] org.hibernate.Version                    : HHH000412: Hibernate ORM core version 5.6.12.Final
2022-11-11 13:35:48.086  INFO 11144 --- [main] o.hibernate.annotations.common.Version   : HCANN000001: Hibernate Commons Annotations {5.1.2.Final}
2022-11-11 13:35:48.133  INFO 11144 --- [main] com.zaxxer.hikari.HikariDataSource       : HikariPool-1 - Starting...
2022-11-11 13:35:48.227  INFO 11144 --- [main] com.zaxxer.hikari.HikariDataSource       : HikariPool-1 - Start completed.
2022-11-11 13:35:48.243  INFO 11144 --- [main] org.hibernate.dialect.Dialect            : HHH000400: Using dialect: org.hibernate.dialect.MySQL5InnoDBDialect
2022-11-11 13:35:48.727  INFO 11144 --- [main] o.h.e.t.j.p.i.JtaPlatformInitiator       : HHH000490: Using JtaPlatform implementation: [org.hibernate.engine.transaction.jta.platform.internal.NoJtaPlatform]
2022-11-11 13:35:48.743  INFO 11144 --- [main] j.LocalContainerEntityManagerFactoryBean : Initialized JPA EntityManagerFactory for persistence unit 'default'
2022-11-11 13:35:49.170  WARN 11144 --- [main] JpaBaseConfiguration$JpaWebConfiguration : spring.jpa.open-in-view is enabled by default. Therefore, database queries may be performed during view rendering. Explicitly configure spring.jpa.open-in-view to disable this warning
2022-11-11 13:35:50.081  INFO 11144 --- [main] o.s.b.w.embedded.tomcat.TomcatWebServer  : Tomcat started on port(s): 8080 (http) with context path ''
2022-11-11 13:35:50.091  INFO 11144 --- [main] p.i.InventoryManagementSystemApplication : Started InventoryManagementSystemApplication in 3.647 seconds (JVM running for 4.258)
2022-11-11 13:35:50.142  INFO 11144 --- [http-nio-8080-exec-2] o.a.c.c.C.[Tomcat].[localhost].[/]       : Initializing Spring DispatcherServlet 'dispatcherServlet'
2022-11-11 13:35:50.142  INFO 11144 --- [http-nio-8080-exec-2] o.s.web.servlet.DispatcherServlet        : Initializing Servlet 'dispatcherServlet'
2022-11-11 13:35:50.143  INFO 11144 --- [http-nio-8080-exec-2] o.s.web.servlet.DispatcherServlet        : Completed initialization in 1 ms
2022-11-11 13:35:50.164  INFO 11144 --- [http-nio-8080-exec-2] h.p.i.logging.RestControllerAspect       : method-execution;List hu.pte.inventory_management_system.controllers.ProductController.getAllProducts();java.util.stream.ReferencePipeline$3@513fc381
2022-11-11 13:36:27.442  INFO 11144 --- [SpringApplicationShutdownHook] j.LocalContainerEntityManagerFactoryBean : Closing JPA EntityManagerFactory for persistence unit 'default'
2022-11-11 13:36:27.442  INFO 11144 --- [SpringApplicationShutdownHook] com.zaxxer.hikari.HikariDataSource       : HikariPool-1 - Shutdown initiated...
2022-11-11 13:36:27.442  INFO 11144 --- [SpringApplicationShutdownHook] com.zaxxer.hikari.HikariDataSource       : HikariPool-1 - Shutdown completed.
2022-11-11 13:36:32.005  INFO 12780 --- [main] p.i.InventoryManagementSystemApplication : Starting InventoryManagementSystemApplication using Java 17.0.1 on DESKTOP-QIV8GID with PID 12780 (C:\Users\asus\Projects2\Inventory_management_system\target\classes started by asus in C:\Users\asus\Projects2\Inventory_management_system)
2022-11-11 13:36:32.005  INFO 12780 --- [main] p.i.InventoryManagementSystemApplication : No active profile set, falling back to 1 default profile: "default"
2022-11-11 13:36:32.605  INFO 12780 --- [main] .s.d.r.c.RepositoryConfigurationDelegate : Bootstrapping Spring Data JPA repositories in DEFAULT mode.
2022-11-11 13:36:32.662  INFO 12780 --- [main] .s.d.r.c.RepositoryConfigurationDelegate : Finished Spring Data repository scanning in 51 ms. Found 5 JPA repository interfaces.
2022-11-11 13:36:33.068  INFO 12780 --- [main] o.s.b.w.embedded.tomcat.TomcatWebServer  : Tomcat initialized with port(s): 8080 (http)
2022-11-11 13:36:33.084  INFO 12780 --- [main] o.apache.catalina.core.StandardService   : Starting service [Tomcat]
2022-11-11 13:36:33.084  INFO 12780 --- [main] org.apache.catalina.core.StandardEngine  : Starting Servlet engine: [Apache Tomcat/9.0.68]
2022-11-11 13:36:33.178  INFO 12780 --- [main] o.a.c.c.C.[Tomcat].[localhost].[/]       : Initializing Spring embedded WebApplicationContext
2022-11-11 13:36:33.178  INFO 12780 --- [main] w.s.c.ServletWebServerApplicationContext : Root WebApplicationContext: initialization completed in 1130 ms
2022-11-11 13:36:33.265  INFO 12780 --- [main] o.hibernate.jpa.internal.util.LogHelper  : HHH000204: Processing PersistenceUnitInfo [name: default]
2022-11-11 13:36:33.296  INFO 12780 --- [main] org.hibernate.Version                    : HHH000412: Hibernate ORM core version 5.6.12.Final
2022-11-11 13:36:33.374  INFO 12780 --- [main] o.hibernate.annotations.common.Version   : HCANN000001: Hibernate Commons Annotations {5.1.2.Final}
2022-11-11 13:36:33.437  INFO 12780 --- [main] com.zaxxer.hikari.HikariDataSource       : HikariPool-1 - Starting...
2022-11-11 13:36:33.530  INFO 12780 --- [main] com.zaxxer.hikari.HikariDataSource       : HikariPool-1 - Start completed.
2022-11-11 13:36:33.546  INFO 12780 --- [main] org.hibernate.dialect.Dialect            : HHH000400: Using dialect: org.hibernate.dialect.MySQL5InnoDBDialect
2022-11-11 13:36:34.095  INFO 12780 --- [main] o.h.e.t.j.p.i.JtaPlatformInitiator       : HHH000490: Using JtaPlatform implementation: [org.hibernate.engine.transaction.jta.platform.internal.NoJtaPlatform]
2022-11-11 13:36:34.095  INFO 12780 --- [main] j.LocalContainerEntityManagerFactoryBean : Initialized JPA EntityManagerFactory for persistence unit 'default'
2022-11-11 13:36:34.486  WARN 12780 --- [main] JpaBaseConfiguration$JpaWebConfiguration : spring.jpa.open-in-view is enabled by default. Therefore, database queries may be performed during view rendering. Explicitly configure spring.jpa.open-in-view to disable this warning
2022-11-11 13:36:35.132  INFO 12780 --- [main] o.s.b.w.embedded.tomcat.TomcatWebServer  : Tomcat started on port(s): 8080 (http) with context path ''
2022-11-11 13:36:35.132  INFO 12780 --- [main] p.i.InventoryManagementSystemApplication : Started InventoryManagementSystemApplication in 3.482 seconds (JVM running for 4.131)
2022-11-11 13:36:36.720  INFO 12780 --- [http-nio-8080-exec-1] o.a.c.c.C.[Tomcat].[localhost].[/]       : Initializing Spring DispatcherServlet 'dispatcherServlet'
2022-11-11 13:36:36.721  INFO 12780 --- [http-nio-8080-exec-1] o.s.web.servlet.DispatcherServlet        : Initializing Servlet 'dispatcherServlet'
2022-11-11 13:36:36.722  INFO 12780 --- [http-nio-8080-exec-1] o.s.web.servlet.DispatcherServlet        : Completed initialization in 1 ms
2022-11-11 13:36:36.748  INFO 12780 --- [http-nio-8080-exec-1] h.p.i.logging.RestControllerAspect       : method-execution;List hu.pte.inventory_management_system.controllers.ProductController.getAllProducts();hu.pte.inventory_management_system.controllers.ProductController
2022-11-11 13:37:06.524  INFO 12780 --- [http-nio-8080-exec-2] h.p.i.logging.RestControllerAspect       : method-execution;ResponseEntity hu.pte.inventory_management_system.controllers.ProductController.getProductById(Integer);hu.pte.inventory_management_system.controllers.ProductController
2022-11-11 13:51:42.332  INFO 12780 --- [SpringApplicationShutdownHook] j.LocalContainerEntityManagerFactoryBean : Closing JPA EntityManagerFactory for persistence unit 'default'
2022-11-11 13:51:42.332  INFO 12780 --- [SpringApplicationShutdownHook] com.zaxxer.hikari.HikariDataSource       : HikariPool-1 - Shutdown initiated...
2022-11-11 13:51:42.332  INFO 12780 --- [SpringApplicationShutdownHook] com.zaxxer.hikari.HikariDataSource       : HikariPool-1 - Shutdown completed.
2022-11-11 13:51:46.656  INFO 11356 --- [main] p.i.InventoryManagementSystemApplication : Starting InventoryManagementSystemApplication using Java 17.0.1 on DESKTOP-QIV8GID with PID 11356 (C:\Users\asus\Projects2\Inventory_management_system\target\classes started by asus in C:\Users\asus\Projects2\Inventory_management_system)
2022-11-11 13:51:46.656  INFO 11356 --- [main] p.i.InventoryManagementSystemApplication : No active profile set, falling back to 1 default profile: "default"
2022-11-11 13:51:47.208  INFO 11356 --- [main] .s.d.r.c.RepositoryConfigurationDelegate : Bootstrapping Spring Data JPA repositories in DEFAULT mode.
2022-11-11 13:51:47.258  INFO 11356 --- [main] .s.d.r.c.RepositoryConfigurationDelegate : Finished Spring Data repository scanning in 52 ms. Found 5 JPA repository interfaces.
2022-11-11 13:51:47.852  INFO 11356 --- [main] o.s.b.w.embedded.tomcat.TomcatWebServer  : Tomcat initialized with port(s): 8080 (http)
2022-11-11 13:51:47.852  INFO 11356 --- [main] o.apache.catalina.core.StandardService   : Starting service [Tomcat]
2022-11-11 13:51:47.852  INFO 11356 --- [main] org.apache.catalina.core.StandardEngine  : Starting Servlet engine: [Apache Tomcat/9.0.68]
2022-11-11 13:51:47.961  INFO 11356 --- [main] o.a.c.c.C.[Tomcat].[localhost].[/]       : Initializing Spring embedded WebApplicationContext
2022-11-11 13:51:47.961  INFO 11356 --- [main] w.s.c.ServletWebServerApplicationContext : Root WebApplicationContext: initialization completed in 1252 ms
2022-11-11 13:51:48.055  INFO 11356 --- [main] o.hibernate.jpa.internal.util.LogHelper  : HHH000204: Processing PersistenceUnitInfo [name: default]
2022-11-11 13:51:48.086  INFO 11356 --- [main] org.hibernate.Version                    : HHH000412: Hibernate ORM core version 5.6.12.Final
2022-11-11 13:51:48.165  INFO 11356 --- [main] o.hibernate.annotations.common.Version   : HCANN000001: Hibernate Commons Annotations {5.1.2.Final}
2022-11-11 13:51:48.227  INFO 11356 --- [main] com.zaxxer.hikari.HikariDataSource       : HikariPool-1 - Starting...
2022-11-11 13:51:48.352  INFO 11356 --- [main] com.zaxxer.hikari.HikariDataSource       : HikariPool-1 - Start completed.
2022-11-11 13:51:48.368  INFO 11356 --- [main] org.hibernate.dialect.Dialect            : HHH000400: Using dialect: org.hibernate.dialect.MySQL5InnoDBDialect
2022-11-11 13:51:48.961  INFO 11356 --- [main] o.h.e.t.j.p.i.JtaPlatformInitiator       : HHH000490: Using JtaPlatform implementation: [org.hibernate.engine.transaction.jta.platform.internal.NoJtaPlatform]
2022-11-11 13:51:48.961  INFO 11356 --- [main] j.LocalContainerEntityManagerFactoryBean : Initialized JPA EntityManagerFactory for persistence unit 'default'
2022-11-11 13:51:49.430  WARN 11356 --- [main] JpaBaseConfiguration$JpaWebConfiguration : spring.jpa.open-in-view is enabled by default. Therefore, database queries may be performed during view rendering. Explicitly configure spring.jpa.open-in-view to disable this warning
2022-11-11 13:51:50.223  INFO 11356 --- [main] o.s.b.w.embedded.tomcat.TomcatWebServer  : Tomcat started on port(s): 8080 (http) with context path ''
2022-11-11 13:51:50.223  INFO 11356 --- [main] p.i.InventoryManagementSystemApplication : Started InventoryManagementSystemApplication in 3.893 seconds (JVM running for 4.615)
2022-11-11 13:52:09.996  INFO 11356 --- [http-nio-8080-exec-1] o.a.c.c.C.[Tomcat].[localhost].[/]       : Initializing Spring DispatcherServlet 'dispatcherServlet'
2022-11-11 13:52:09.996  INFO 11356 --- [http-nio-8080-exec-1] o.s.web.servlet.DispatcherServlet        : Initializing Servlet 'dispatcherServlet'
2022-11-11 13:52:09.997  INFO 11356 --- [http-nio-8080-exec-1] o.s.web.servlet.DispatcherServlet        : Completed initialization in 1 ms
2022-11-11 13:52:10.570  INFO 11356 --- [http-nio-8080-exec-1] h.p.i.logging.RestControllerAspect       : method-execution;ResponseEntity hu.pte.inventory_management_system.controllers.CategoryController.addNewCategory(Category)
2022-11-11 13:52:10.759  INFO 11356 --- [http-nio-8080-exec-1] h.p.i.logging.RestControllerAspect       : ResponseEntity hu.pte.inventory_management_system.controllers.CategoryController.addNewCategory(Category) executed in 190ms
2022-11-11 13:55:19.682  INFO 11356 --- [SpringApplicationShutdownHook] j.LocalContainerEntityManagerFactoryBean : Closing JPA EntityManagerFactory for persistence unit 'default'
2022-11-11 13:55:19.682  INFO 11356 --- [SpringApplicationShutdownHook] com.zaxxer.hikari.HikariDataSource       : HikariPool-1 - Shutdown initiated...
2022-11-11 13:55:19.682  INFO 11356 --- [SpringApplicationShutdownHook] com.zaxxer.hikari.HikariDataSource       : HikariPool-1 - Shutdown completed.
2022-11-11 13:55:24.051  INFO 14960 --- [main] p.i.InventoryManagementSystemApplication : Starting InventoryManagementSystemApplication using Java 17.0.1 on DESKTOP-QIV8GID with PID 14960 (C:\Users\asus\Projects2\Inventory_management_system\target\classes started by asus in C:\Users\asus\Projects2\Inventory_management_system)
2022-11-11 13:55:24.051  INFO 14960 --- [main] p.i.InventoryManagementSystemApplication : No active profile set, falling back to 1 default profile: "default"
2022-11-11 13:55:24.695  INFO 14960 --- [main] .s.d.r.c.RepositoryConfigurationDelegate : Bootstrapping Spring Data JPA repositories in DEFAULT mode.
2022-11-11 13:55:24.758  INFO 14960 --- [main] .s.d.r.c.RepositoryConfigurationDelegate : Finished Spring Data repository scanning in 55 ms. Found 5 JPA repository interfaces.
2022-11-11 13:55:25.226  INFO 14960 --- [main] o.s.b.w.embedded.tomcat.TomcatWebServer  : Tomcat initialized with port(s): 8080 (http)
2022-11-11 13:55:25.242  INFO 14960 --- [main] o.apache.catalina.core.StandardService   : Starting service [Tomcat]
2022-11-11 13:55:25.242  INFO 14960 --- [main] org.apache.catalina.core.StandardEngine  : Starting Servlet engine: [Apache Tomcat/9.0.68]
2022-11-11 13:55:25.351  INFO 14960 --- [main] o.a.c.c.C.[Tomcat].[localhost].[/]       : Initializing Spring embedded WebApplicationContext
2022-11-11 13:55:25.367  INFO 14960 --- [main] w.s.c.ServletWebServerApplicationContext : Root WebApplicationContext: initialization completed in 1281 ms
2022-11-11 13:55:25.492  INFO 14960 --- [main] o.hibernate.jpa.internal.util.LogHelper  : HHH000204: Processing PersistenceUnitInfo [name: default]
2022-11-11 13:55:25.523  INFO 14960 --- [main] org.hibernate.Version                    : HHH000412: Hibernate ORM core version 5.6.12.Final
2022-11-11 13:55:25.617  INFO 14960 --- [main] o.hibernate.annotations.common.Version   : HCANN000001: Hibernate Commons Annotations {5.1.2.Final}
2022-11-11 13:55:25.695  INFO 14960 --- [main] com.zaxxer.hikari.HikariDataSource       : HikariPool-1 - Starting...
2022-11-11 13:55:25.804  INFO 14960 --- [main] com.zaxxer.hikari.HikariDataSource       : HikariPool-1 - Start completed.
2022-11-11 13:55:25.820  INFO 14960 --- [main] org.hibernate.dialect.Dialect            : HHH000400: Using dialect: org.hibernate.dialect.MySQL5InnoDBDialect
2022-11-11 13:55:26.476  INFO 14960 --- [main] o.h.e.t.j.p.i.JtaPlatformInitiator       : HHH000490: Using JtaPlatform implementation: [org.hibernate.engine.transaction.jta.platform.internal.NoJtaPlatform]
2022-11-11 13:55:26.476  INFO 14960 --- [main] j.LocalContainerEntityManagerFactoryBean : Initialized JPA EntityManagerFactory for persistence unit 'default'
2022-11-11 13:55:26.929  WARN 14960 --- [main] JpaBaseConfiguration$JpaWebConfiguration : spring.jpa.open-in-view is enabled by default. Therefore, database queries may be performed during view rendering. Explicitly configure spring.jpa.open-in-view to disable this warning
2022-11-11 13:55:27.742  INFO 14960 --- [main] o.s.b.w.embedded.tomcat.TomcatWebServer  : Tomcat started on port(s): 8080 (http) with context path ''
2022-11-11 13:55:27.757  INFO 14960 --- [main] p.i.InventoryManagementSystemApplication : Started InventoryManagementSystemApplication in 4.002 seconds (JVM running for 4.662)
2022-11-11 13:55:44.962  INFO 14960 --- [http-nio-8080-exec-1] o.a.c.c.C.[Tomcat].[localhost].[/]       : Initializing Spring DispatcherServlet 'dispatcherServlet'
2022-11-11 13:55:44.962  INFO 14960 --- [http-nio-8080-exec-1] o.s.web.servlet.DispatcherServlet        : Initializing Servlet 'dispatcherServlet'
2022-11-11 13:55:44.963  INFO 14960 --- [http-nio-8080-exec-1] o.s.web.servlet.DispatcherServlet        : Completed initialization in 1 ms
2022-11-11 13:55:45.114  INFO 14960 --- [http-nio-8080-exec-1] h.p.i.logging.RestControllerAspect       : getCategories is called.
2022-11-11 13:58:40.227  INFO 14960 --- [SpringApplicationShutdownHook] j.LocalContainerEntityManagerFactoryBean : Closing JPA EntityManagerFactory for persistence unit 'default'
2022-11-11 13:58:40.227  INFO 14960 --- [SpringApplicationShutdownHook] com.zaxxer.hikari.HikariDataSource       : HikariPool-1 - Shutdown initiated...
2022-11-11 13:58:40.227  INFO 14960 --- [SpringApplicationShutdownHook] com.zaxxer.hikari.HikariDataSource       : HikariPool-1 - Shutdown completed.
2022-11-11 13:58:45.390  INFO 14128 --- [main] p.i.InventoryManagementSystemApplication : Starting InventoryManagementSystemApplication using Java 17.0.1 on DESKTOP-QIV8GID with PID 14128 (C:\Users\asus\Projects2\Inventory_management_system\target\classes started by asus in C:\Users\asus\Projects2\Inventory_management_system)
2022-11-11 13:58:45.390  INFO 14128 --- [main] p.i.InventoryManagementSystemApplication : No active profile set, falling back to 1 default profile: "default"
2022-11-11 13:58:45.928  INFO 14128 --- [main] .s.d.r.c.RepositoryConfigurationDelegate : Bootstrapping Spring Data JPA repositories in DEFAULT mode.
2022-11-11 13:58:45.992  INFO 14128 --- [main] .s.d.r.c.RepositoryConfigurationDelegate : Finished Spring Data repository scanning in 64 ms. Found 5 JPA repository interfaces.
2022-11-11 13:58:46.476  INFO 14128 --- [main] o.s.b.w.embedded.tomcat.TomcatWebServer  : Tomcat initialized with port(s): 8080 (http)
2022-11-11 13:58:46.492  INFO 14128 --- [main] o.apache.catalina.core.StandardService   : Starting service [Tomcat]
2022-11-11 13:58:46.492  INFO 14128 --- [main] org.apache.catalina.core.StandardEngine  : Starting Servlet engine: [Apache Tomcat/9.0.68]
2022-11-11 13:58:46.632  INFO 14128 --- [main] o.a.c.c.C.[Tomcat].[localhost].[/]       : Initializing Spring embedded WebApplicationContext
2022-11-11 13:58:46.632  INFO 14128 --- [main] w.s.c.ServletWebServerApplicationContext : Root WebApplicationContext: initialization completed in 1195 ms
2022-11-11 13:58:46.742  INFO 14128 --- [main] o.hibernate.jpa.internal.util.LogHelper  : HHH000204: Processing PersistenceUnitInfo [name: default]
2022-11-11 13:58:46.757  INFO 14128 --- [main] org.hibernate.Version                    : HHH000412: Hibernate ORM core version 5.6.12.Final
2022-11-11 13:58:46.835  INFO 14128 --- [main] o.hibernate.annotations.common.Version   : HCANN000001: Hibernate Commons Annotations {5.1.2.Final}
2022-11-11 13:58:46.882  INFO 14128 --- [main] com.zaxxer.hikari.HikariDataSource       : HikariPool-1 - Starting...
2022-11-11 13:58:46.976  INFO 14128 --- [main] com.zaxxer.hikari.HikariDataSource       : HikariPool-1 - Start completed.
2022-11-11 13:58:46.992  INFO 14128 --- [main] org.hibernate.dialect.Dialect            : HHH000400: Using dialect: org.hibernate.dialect.MySQL5InnoDBDialect
2022-11-11 13:58:47.525  INFO 14128 --- [main] o.h.e.t.j.p.i.JtaPlatformInitiator       : HHH000490: Using JtaPlatform implementation: [org.hibernate.engine.transaction.jta.platform.internal.NoJtaPlatform]
2022-11-11 13:58:47.541  INFO 14128 --- [main] j.LocalContainerEntityManagerFactoryBean : Initialized JPA EntityManagerFactory for persistence unit 'default'
2022-11-11 13:58:47.963  WARN 14128 --- [main] JpaBaseConfiguration$JpaWebConfiguration : spring.jpa.open-in-view is enabled by default. Therefore, database queries may be performed during view rendering. Explicitly configure spring.jpa.open-in-view to disable this warning
2022-11-11 13:58:48.757  INFO 14128 --- [main] o.s.b.w.embedded.tomcat.TomcatWebServer  : Tomcat started on port(s): 8080 (http) with context path ''
2022-11-11 13:58:48.773  INFO 14128 --- [main] p.i.InventoryManagementSystemApplication : Started InventoryManagementSystemApplication in 3.731 seconds (JVM running for 4.32)
2022-11-11 13:58:52.178  INFO 14128 --- [http-nio-8080-exec-1] o.a.c.c.C.[Tomcat].[localhost].[/]       : Initializing Spring DispatcherServlet 'dispatcherServlet'
2022-11-11 13:58:52.178  INFO 14128 --- [http-nio-8080-exec-1] o.s.web.servlet.DispatcherServlet        : Initializing Servlet 'dispatcherServlet'
2022-11-11 13:58:52.179  INFO 14128 --- [http-nio-8080-exec-1] o.s.web.servlet.DispatcherServlet        : Completed initialization in 1 ms
2022-11-11 13:59:35.976  INFO 14128 --- [http-nio-8080-exec-2] h.p.i.logging.RestControllerAspect       : ResponseEntity hu.pte.inventory_management_system.controllers.CategoryController.addNewCategory(Category) executed in 374ms
2022-11-11 14:00:55.410  INFO 14128 --- [SpringApplicationShutdownHook] j.LocalContainerEntityManagerFactoryBean : Closing JPA EntityManagerFactory for persistence unit 'default'
2022-11-11 14:00:55.410  INFO 14128 --- [SpringApplicationShutdownHook] com.zaxxer.hikari.HikariDataSource       : HikariPool-1 - Shutdown initiated...
2022-11-11 14:00:55.410  INFO 14128 --- [SpringApplicationShutdownHook] com.zaxxer.hikari.HikariDataSource       : HikariPool-1 - Shutdown completed.
2022-11-11 14:00:59.903  INFO 15348 --- [main] p.i.InventoryManagementSystemApplication : Starting InventoryManagementSystemApplication using Java 17.0.1 on DESKTOP-QIV8GID with PID 15348 (C:\Users\asus\Projects2\Inventory_management_system\target\classes started by asus in C:\Users\asus\Projects2\Inventory_management_system)
2022-11-11 14:00:59.907  INFO 15348 --- [main] p.i.InventoryManagementSystemApplication : No active profile set, falling back to 1 default profile: "default"
2022-11-11 14:01:00.453  INFO 15348 --- [main] .s.d.r.c.RepositoryConfigurationDelegate : Bootstrapping Spring Data JPA repositories in DEFAULT mode.
2022-11-11 14:01:00.522  INFO 15348 --- [main] .s.d.r.c.RepositoryConfigurationDelegate : Finished Spring Data repository scanning in 54 ms. Found 5 JPA repository interfaces.
2022-11-11 14:01:00.959  INFO 15348 --- [main] o.s.b.w.embedded.tomcat.TomcatWebServer  : Tomcat initialized with port(s): 8080 (http)
2022-11-11 14:01:00.959  INFO 15348 --- [main] o.apache.catalina.core.StandardService   : Starting service [Tomcat]
2022-11-11 14:01:00.959  INFO 15348 --- [main] org.apache.catalina.core.StandardEngine  : Starting Servlet engine: [Apache Tomcat/9.0.68]
2022-11-11 14:01:01.131  INFO 15348 --- [main] o.a.c.c.C.[Tomcat].[localhost].[/]       : Initializing Spring embedded WebApplicationContext
2022-11-11 14:01:01.131  INFO 15348 --- [main] w.s.c.ServletWebServerApplicationContext : Root WebApplicationContext: initialization completed in 1196 ms
2022-11-11 14:01:01.247  INFO 15348 --- [main] o.hibernate.jpa.internal.util.LogHelper  : HHH000204: Processing PersistenceUnitInfo [name: default]
2022-11-11 14:01:01.278  INFO 15348 --- [main] org.hibernate.Version                    : HHH000412: Hibernate ORM core version 5.6.12.Final
2022-11-11 14:01:01.356  INFO 15348 --- [main] o.hibernate.annotations.common.Version   : HCANN000001: Hibernate Commons Annotations {5.1.2.Final}
2022-11-11 14:01:01.403  INFO 15348 --- [main] com.zaxxer.hikari.HikariDataSource       : HikariPool-1 - Starting...
2022-11-11 14:01:01.497  INFO 15348 --- [main] com.zaxxer.hikari.HikariDataSource       : HikariPool-1 - Start completed.
2022-11-11 14:01:01.512  INFO 15348 --- [main] org.hibernate.dialect.Dialect            : HHH000400: Using dialect: org.hibernate.dialect.MySQL5InnoDBDialect
2022-11-11 14:01:02.012  INFO 15348 --- [main] o.h.e.t.j.p.i.JtaPlatformInitiator       : HHH000490: Using JtaPlatform implementation: [org.hibernate.engine.transaction.jta.platform.internal.NoJtaPlatform]
2022-11-11 14:01:02.012  INFO 15348 --- [main] j.LocalContainerEntityManagerFactoryBean : Initialized JPA EntityManagerFactory for persistence unit 'default'
2022-11-11 14:01:02.481  WARN 15348 --- [main] JpaBaseConfiguration$JpaWebConfiguration : spring.jpa.open-in-view is enabled by default. Therefore, database queries may be performed during view rendering. Explicitly configure spring.jpa.open-in-view to disable this warning
2022-11-11 14:01:03.215  INFO 15348 --- [main] o.s.b.w.embedded.tomcat.TomcatWebServer  : Tomcat started on port(s): 8080 (http) with context path ''
2022-11-11 14:01:03.230  INFO 15348 --- [main] p.i.InventoryManagementSystemApplication : Started InventoryManagementSystemApplication in 3.638 seconds (JVM running for 4.276)
2022-11-11 14:01:18.277  INFO 15348 --- [http-nio-8080-exec-1] o.a.c.c.C.[Tomcat].[localhost].[/]       : Initializing Spring DispatcherServlet 'dispatcherServlet'
2022-11-11 14:01:18.277  INFO 15348 --- [http-nio-8080-exec-1] o.s.web.servlet.DispatcherServlet        : Initializing Servlet 'dispatcherServlet'
2022-11-11 14:01:18.279  INFO 15348 --- [http-nio-8080-exec-1] o.s.web.servlet.DispatcherServlet        : Completed initialization in 2 ms
2022-11-11 14:01:18.311  INFO 15348 --- [http-nio-8080-exec-1] h.p.i.logging.RestControllerAspect       : full method description: public java.util.List hu.pte.inventory_management_system.controllers.CategoryController.getCategories()
2022-11-11 14:01:18.311  INFO 15348 --- [http-nio-8080-exec-1] h.p.i.logging.RestControllerAspect       : method name: getCategories
2022-11-11 14:01:18.311  INFO 15348 --- [http-nio-8080-exec-1] h.p.i.logging.RestControllerAspect       : declaring type: class hu.pte.inventory_management_system.controllers.CategoryController
2022-11-11 14:01:18.311  INFO 15348 --- [http-nio-8080-exec-1] h.p.i.logging.RestControllerAspect       : returning type: interface java.util.List
2022-11-11 14:02:32.676  INFO 15348 --- [SpringApplicationShutdownHook] j.LocalContainerEntityManagerFactoryBean : Closing JPA EntityManagerFactory for persistence unit 'default'
2022-11-11 14:02:32.691  INFO 15348 --- [SpringApplicationShutdownHook] com.zaxxer.hikari.HikariDataSource       : HikariPool-1 - Shutdown initiated...
2022-11-11 14:02:32.691  INFO 15348 --- [SpringApplicationShutdownHook] com.zaxxer.hikari.HikariDataSource       : HikariPool-1 - Shutdown completed.
2022-11-11 14:02:37.231  INFO 12964 --- [main] p.i.InventoryManagementSystemApplication : Starting InventoryManagementSystemApplication using Java 17.0.1 on DESKTOP-QIV8GID with PID 12964 (C:\Users\asus\Projects2\Inventory_management_system\target\classes started by asus in C:\Users\asus\Projects2\Inventory_management_system)
2022-11-11 14:02:37.241  INFO 12964 --- [main] p.i.InventoryManagementSystemApplication : No active profile set, falling back to 1 default profile: "default"
2022-11-11 14:02:37.759  INFO 12964 --- [main] .s.d.r.c.RepositoryConfigurationDelegate : Bootstrapping Spring Data JPA repositories in DEFAULT mode.
2022-11-11 14:02:37.819  INFO 12964 --- [main] .s.d.r.c.RepositoryConfigurationDelegate : Finished Spring Data repository scanning in 51 ms. Found 5 JPA repository interfaces.
2022-11-11 14:02:38.334  INFO 12964 --- [main] o.s.b.w.embedded.tomcat.TomcatWebServer  : Tomcat initialized with port(s): 8080 (http)
2022-11-11 14:02:38.350  INFO 12964 --- [main] o.apache.catalina.core.StandardService   : Starting service [Tomcat]
2022-11-11 14:02:38.350  INFO 12964 --- [main] org.apache.catalina.core.StandardEngine  : Starting Servlet engine: [Apache Tomcat/9.0.68]
2022-11-11 14:02:38.459  INFO 12964 --- [main] o.a.c.c.C.[Tomcat].[localhost].[/]       : Initializing Spring embedded WebApplicationContext
2022-11-11 14:02:38.459  INFO 12964 --- [main] w.s.c.ServletWebServerApplicationContext : Root WebApplicationContext: initialization completed in 1181 ms
2022-11-11 14:02:38.553  INFO 12964 --- [main] o.hibernate.jpa.internal.util.LogHelper  : HHH000204: Processing PersistenceUnitInfo [name: default]
2022-11-11 14:02:38.584  INFO 12964 --- [main] org.hibernate.Version                    : HHH000412: Hibernate ORM core version 5.6.12.Final
2022-11-11 14:02:38.662  INFO 12964 --- [main] o.hibernate.annotations.common.Version   : HCANN000001: Hibernate Commons Annotations {5.1.2.Final}
2022-11-11 14:02:38.709  INFO 12964 --- [main] com.zaxxer.hikari.HikariDataSource       : HikariPool-1 - Starting...
2022-11-11 14:02:38.818  INFO 12964 --- [main] com.zaxxer.hikari.HikariDataSource       : HikariPool-1 - Start completed.
2022-11-11 14:02:38.818  INFO 12964 --- [main] org.hibernate.dialect.Dialect            : HHH000400: Using dialect: org.hibernate.dialect.MySQL5InnoDBDialect
2022-11-11 14:02:39.465  INFO 12964 --- [main] o.h.e.t.j.p.i.JtaPlatformInitiator       : HHH000490: Using JtaPlatform implementation: [org.hibernate.engine.transaction.jta.platform.internal.NoJtaPlatform]
2022-11-11 14:02:39.480  INFO 12964 --- [main] j.LocalContainerEntityManagerFactoryBean : Initialized JPA EntityManagerFactory for persistence unit 'default'
2022-11-11 14:02:39.918  WARN 12964 --- [main] JpaBaseConfiguration$JpaWebConfiguration : spring.jpa.open-in-view is enabled by default. Therefore, database queries may be performed during view rendering. Explicitly configure spring.jpa.open-in-view to disable this warning
2022-11-11 14:02:40.644  INFO 12964 --- [main] o.s.b.w.embedded.tomcat.TomcatWebServer  : Tomcat started on port(s): 8080 (http) with context path ''
2022-11-11 14:02:40.644  INFO 12964 --- [main] p.i.InventoryManagementSystemApplication : Started InventoryManagementSystemApplication in 3.785 seconds (JVM running for 4.602)
2022-11-11 14:02:42.735  INFO 12964 --- [http-nio-8080-exec-1] o.a.c.c.C.[Tomcat].[localhost].[/]       : Initializing Spring DispatcherServlet 'dispatcherServlet'
2022-11-11 14:02:42.736  INFO 12964 --- [http-nio-8080-exec-1] o.s.web.servlet.DispatcherServlet        : Initializing Servlet 'dispatcherServlet'
2022-11-11 14:02:42.740  INFO 12964 --- [http-nio-8080-exec-1] o.s.web.servlet.DispatcherServlet        : Completed initialization in 4 ms
2022-11-11 14:02:42.767  INFO 12964 --- [http-nio-8080-exec-1] h.p.i.logging.RestControllerAspect       : full method description: public java.util.List hu.pte.inventory_management_system.controllers.CategoryController.getCategories()
2022-11-11 14:02:42.767  INFO 12964 --- [http-nio-8080-exec-1] h.p.i.logging.RestControllerAspect       : method name: getCategories
2022-11-11 14:02:42.768  INFO 12964 --- [http-nio-8080-exec-1] h.p.i.logging.RestControllerAspect       : declaring type: class hu.pte.inventory_management_system.controllers.CategoryController
2022-11-11 14:02:42.768  INFO 12964 --- [http-nio-8080-exec-1] h.p.i.logging.RestControllerAspect       : returning type: interface java.util.List
2022-11-11 14:02:42.768  INFO 12964 --- [http-nio-8080-exec-1] h.p.i.logging.RestControllerAspect       : Parameters: []
2022-11-11 14:02:52.301  INFO 12964 --- [http-nio-8080-exec-3] h.p.i.logging.RestControllerAspect       : full method description: public hu.pte.inventory_management_system.models.Category hu.pte.inventory_management_system.controllers.CategoryController.getCategoryById(java.lang.Integer)
2022-11-11 14:02:52.301  INFO 12964 --- [http-nio-8080-exec-3] h.p.i.logging.RestControllerAspect       : method name: getCategoryById
2022-11-11 14:02:52.301  INFO 12964 --- [http-nio-8080-exec-3] h.p.i.logging.RestControllerAspect       : declaring type: class hu.pte.inventory_management_system.controllers.CategoryController
2022-11-11 14:02:52.301  INFO 12964 --- [http-nio-8080-exec-3] h.p.i.logging.RestControllerAspect       : returning type: class hu.pte.inventory_management_system.models.Category
2022-11-11 14:02:52.301  INFO 12964 --- [http-nio-8080-exec-3] h.p.i.logging.RestControllerAspect       : Parameters: [id]
2022-11-11 14:03:09.064  INFO 12964 --- [http-nio-8080-exec-2] h.p.i.logging.RestControllerAspect       : full method description: public org.springframework.http.ResponseEntity hu.pte.inventory_management_system.controllers.OrderController.addProductToOrder(java.lang.Integer,java.lang.Integer,java.lang.Integer)
2022-11-11 14:03:09.065  INFO 12964 --- [http-nio-8080-exec-2] h.p.i.logging.RestControllerAspect       : method name: addProductToOrder
2022-11-11 14:03:09.065  INFO 12964 --- [http-nio-8080-exec-2] h.p.i.logging.RestControllerAspect       : declaring type: class hu.pte.inventory_management_system.controllers.OrderController
2022-11-11 14:03:09.065  INFO 12964 --- [http-nio-8080-exec-2] h.p.i.logging.RestControllerAspect       : returning type: class org.springframework.http.ResponseEntity
2022-11-11 14:03:09.065  INFO 12964 --- [http-nio-8080-exec-2] h.p.i.logging.RestControllerAspect       : Parameters: [orderId, productId, quantity]
2022-11-11 14:03:13.443  INFO 12964 --- [http-nio-8080-exec-4] h.p.i.logging.RestControllerAspect       : full method description: public org.springframework.http.ResponseEntity hu.pte.inventory_management_system.controllers.OrderController.addProductToOrder(java.lang.Integer,java.lang.Integer,java.lang.Integer)
2022-11-11 14:03:13.443  INFO 12964 --- [http-nio-8080-exec-4] h.p.i.logging.RestControllerAspect       : method name: addProductToOrder
2022-11-11 14:03:13.443  INFO 12964 --- [http-nio-8080-exec-4] h.p.i.logging.RestControllerAspect       : declaring type: class hu.pte.inventory_management_system.controllers.OrderController
2022-11-11 14:03:13.443  INFO 12964 --- [http-nio-8080-exec-4] h.p.i.logging.RestControllerAspect       : returning type: class org.springframework.http.ResponseEntity
2022-11-11 14:03:13.444  INFO 12964 --- [http-nio-8080-exec-4] h.p.i.logging.RestControllerAspect       : Parameters: [orderId, productId, quantity]
2022-11-11 14:13:23.326  WARN 12964 --- [http-nio-8080-exec-6] .w.s.m.s.DefaultHandlerExceptionResolver : Resolved [org.springframework.web.bind.MethodArgumentNotValidException: Validation failed for argument [1] in public org.springframework.http.ResponseEntity<hu.pte.inventory_management_system.models.Category> hu.pte.inventory_management_system.controllers.CategoryController.updateCategoryById(java.lang.Integer,hu.pte.inventory_management_system.models.Category): [Field error in object 'category' on field 'name': rejected value []; codes [NotBlank.category.name,NotBlank.name,NotBlank.java.lang.String,NotBlank]; arguments [org.springframework.context.support.DefaultMessageSourceResolvable: codes [category.name,name]; arguments []; default message [name]]; default message [nem lehet res]] ]
2022-11-11 14:13:41.494  INFO 12964 --- [http-nio-8080-exec-5] h.p.i.logging.RestControllerAspect       : full method description: public void hu.pte.inventory_management_system.controllers.OrderController.changeOrderStatus(java.lang.Integer,java.lang.Boolean)
2022-11-11 14:13:41.494  INFO 12964 --- [http-nio-8080-exec-5] h.p.i.logging.RestControllerAspect       : method name: changeOrderStatus
2022-11-11 14:13:41.495  INFO 12964 --- [http-nio-8080-exec-5] h.p.i.logging.RestControllerAspect       : declaring type: class hu.pte.inventory_management_system.controllers.OrderController
2022-11-11 14:13:41.495  INFO 12964 --- [http-nio-8080-exec-5] h.p.i.logging.RestControllerAspect       : returning type: void
2022-11-11 14:13:41.495  INFO 12964 --- [http-nio-8080-exec-5] h.p.i.logging.RestControllerAspect       : Parameters: [orderId, status]
2022-11-11 14:13:45.572  WARN 12964 --- [http-nio-8080-exec-8] .w.s.m.s.DefaultHandlerExceptionResolver : Resolved [org.springframework.http.converter.HttpMessageNotReadableException: JSON parse error: Unrecognized token 'f': was expecting (JSON String, Number, Array, Object or token 'null', 'true' or 'false'); nested exception is com.fasterxml.jackson.core.JsonParseException: Unrecognized token 'f': was expecting (JSON String, Number, Array, Object or token 'null', 'true' or 'false')<EOL> at [Source: (org.springframework.util.StreamUtils$NonClosingInputStream); line: 1, column: 2]]
2022-11-11 14:13:51.496  INFO 12964 --- [http-nio-8080-exec-9] h.p.i.logging.RestControllerAspect       : full method description: public java.util.List hu.pte.inventory_management_system.controllers.OrderController.getAllOrders()
2022-11-11 14:13:51.497  INFO 12964 --- [http-nio-8080-exec-9] h.p.i.logging.RestControllerAspect       : method name: getAllOrders
2022-11-11 14:13:51.497  INFO 12964 --- [http-nio-8080-exec-9] h.p.i.logging.RestControllerAspect       : declaring type: class hu.pte.inventory_management_system.controllers.OrderController
2022-11-11 14:13:51.497  INFO 12964 --- [http-nio-8080-exec-9] h.p.i.logging.RestControllerAspect       : returning type: interface java.util.List
2022-11-11 14:13:51.497  INFO 12964 --- [http-nio-8080-exec-9] h.p.i.logging.RestControllerAspect       : Parameters: []
2022-11-11 14:14:06.113  WARN 12964 --- [http-nio-8080-exec-10] .w.s.m.s.DefaultHandlerExceptionResolver : Resolved [org.springframework.http.converter.HttpMessageNotReadableException: JSON parse error: Unrecognized token 'ff': was expecting (JSON String, Number, Array, Object or token 'null', 'true' or 'false'); nested exception is com.fasterxml.jackson.core.JsonParseException: Unrecognized token 'ff': was expecting (JSON String, Number, Array, Object or token 'null', 'true' or 'false')<EOL> at [Source: (org.springframework.util.StreamUtils$NonClosingInputStream); line: 1, column: 3]]
